<?xml version="1.0" encoding="UTF-8"?>
<testsuite xmlns:xsi="http://www.w3.org/2001/XMLSchema-instance" xsi:noNamespaceSchemaLocation="https://maven.apache.org/surefire/maven-surefire-plugin/xsd/surefire-test-report.xsd" name="com.example.demo.DemoApplicationTests" time="2.197" tests="1" errors="0" skipped="0" failures="0">
  <properties>
    <property name="sun.desktop" value="windows"/>
    <property name="awt.toolkit" value="sun.awt.windows.WToolkit"/>
    <property name="java.specification.version" value="11"/>
    <property name="sun.cpu.isalist" value="amd64"/>
    <property name="sun.jnu.encoding" value="MS932"/>
    <property name="java.class.path" value="C:\utils\eclipse\workspace\demo\target\test-classes;C:\utils\eclipse\workspace\demo\target\classes;C:\utils\apache-maven-3.6.3\maven_resposity\org\springframework\boot\spring-boot-starter-web\2.2.6.RELEASE\spring-boot-starter-web-2.2.6.RELEASE.jar;C:\utils\apache-maven-3.6.3\maven_resposity\org\springframework\boot\spring-boot-starter\2.2.6.RELEASE\spring-boot-starter-2.2.6.RELEASE.jar;C:\utils\apache-maven-3.6.3\maven_resposity\org\springframework\boot\spring-boot\2.2.6.RELEASE\spring-boot-2.2.6.RELEASE.jar;C:\utils\apache-maven-3.6.3\maven_resposity\org\springframework\boot\spring-boot-autoconfigure\2.2.6.RELEASE\spring-boot-autoconfigure-2.2.6.RELEASE.jar;C:\utils\apache-maven-3.6.3\maven_resposity\org\springframework\boot\spring-boot-starter-logging\2.2.6.RELEASE\spring-boot-starter-logging-2.2.6.RELEASE.jar;C:\utils\apache-maven-3.6.3\maven_resposity\ch\qos\logback\logback-classic\1.2.3\logback-classic-1.2.3.jar;C:\utils\apache-maven-3.6.3\maven_resposity\ch\qos\logback\logback-core\1.2.3\logback-core-1.2.3.jar;C:\utils\apache-maven-3.6.3\maven_resposity\org\apache\logging\log4j\log4j-to-slf4j\2.12.1\log4j-to-slf4j-2.12.1.jar;C:\utils\apache-maven-3.6.3\maven_resposity\org\apache\logging\log4j\log4j-api\2.12.1\log4j-api-2.12.1.jar;C:\utils\apache-maven-3.6.3\maven_resposity\org\slf4j\jul-to-slf4j\1.7.30\jul-to-slf4j-1.7.30.jar;C:\utils\apache-maven-3.6.3\maven_resposity\jakarta\annotation\jakarta.annotation-api\1.3.5\jakarta.annotation-api-1.3.5.jar;C:\utils\apache-maven-3.6.3\maven_resposity\org\yaml\snakeyaml\1.25\snakeyaml-1.25.jar;C:\utils\apache-maven-3.6.3\maven_resposity\org\springframework\boot\spring-boot-starter-json\2.2.6.RELEASE\spring-boot-starter-json-2.2.6.RELEASE.jar;C:\utils\apache-maven-3.6.3\maven_resposity\com\fasterxml\jackson\core\jackson-databind\2.10.3\jackson-databind-2.10.3.jar;C:\utils\apache-maven-3.6.3\maven_resposity\com\fasterxml\jackson\core\jackson-annotations\2.10.3\jackson-annotations-2.10.3.jar;C:\utils\apache-maven-3.6.3\maven_resposity\com\fasterxml\jackson\core\jackson-core\2.10.3\jackson-core-2.10.3.jar;C:\utils\apache-maven-3.6.3\maven_resposity\com\fasterxml\jackson\datatype\jackson-datatype-jdk8\2.10.3\jackson-datatype-jdk8-2.10.3.jar;C:\utils\apache-maven-3.6.3\maven_resposity\com\fasterxml\jackson\datatype\jackson-datatype-jsr310\2.10.3\jackson-datatype-jsr310-2.10.3.jar;C:\utils\apache-maven-3.6.3\maven_resposity\com\fasterxml\jackson\module\jackson-module-parameter-names\2.10.3\jackson-module-parameter-names-2.10.3.jar;C:\utils\apache-maven-3.6.3\maven_resposity\org\springframework\boot\spring-boot-starter-tomcat\2.2.6.RELEASE\spring-boot-starter-tomcat-2.2.6.RELEASE.jar;C:\utils\apache-maven-3.6.3\maven_resposity\org\apache\tomcat\embed\tomcat-embed-core\9.0.33\tomcat-embed-core-9.0.33.jar;C:\utils\apache-maven-3.6.3\maven_resposity\org\apache\tomcat\embed\tomcat-embed-el\9.0.33\tomcat-embed-el-9.0.33.jar;C:\utils\apache-maven-3.6.3\maven_resposity\org\apache\tomcat\embed\tomcat-embed-websocket\9.0.33\tomcat-embed-websocket-9.0.33.jar;C:\utils\apache-maven-3.6.3\maven_resposity\org\springframework\boot\spring-boot-starter-validation\2.2.6.RELEASE\spring-boot-starter-validation-2.2.6.RELEASE.jar;C:\utils\apache-maven-3.6.3\maven_resposity\jakarta\validation\jakarta.validation-api\2.0.2\jakarta.validation-api-2.0.2.jar;C:\utils\apache-maven-3.6.3\maven_resposity\org\hibernate\validator\hibernate-validator\6.0.18.Final\hibernate-validator-6.0.18.Final.jar;C:\utils\apache-maven-3.6.3\maven_resposity\org\jboss\logging\jboss-logging\3.4.1.Final\jboss-logging-3.4.1.Final.jar;C:\utils\apache-maven-3.6.3\maven_resposity\com\fasterxml\classmate\1.5.1\classmate-1.5.1.jar;C:\utils\apache-maven-3.6.3\maven_resposity\org\springframework\spring-web\5.2.5.RELEASE\spring-web-5.2.5.RELEASE.jar;C:\utils\apache-maven-3.6.3\maven_resposity\org\springframework\spring-beans\5.2.5.RELEASE\spring-beans-5.2.5.RELEASE.jar;C:\utils\apache-maven-3.6.3\maven_resposity\org\springframework\spring-webmvc\5.2.5.RELEASE\spring-webmvc-5.2.5.RELEASE.jar;C:\utils\apache-maven-3.6.3\maven_resposity\org\springframework\spring-aop\5.2.5.RELEASE\spring-aop-5.2.5.RELEASE.jar;C:\utils\apache-maven-3.6.3\maven_resposity\org\springframework\spring-context\5.2.5.RELEASE\spring-context-5.2.5.RELEASE.jar;C:\utils\apache-maven-3.6.3\maven_resposity\org\springframework\spring-expression\5.2.5.RELEASE\spring-expression-5.2.5.RELEASE.jar;C:\utils\apache-maven-3.6.3\maven_resposity\org\springframework\boot\spring-boot-starter-test\2.2.6.RELEASE\spring-boot-starter-test-2.2.6.RELEASE.jar;C:\utils\apache-maven-3.6.3\maven_resposity\org\springframework\boot\spring-boot-test\2.2.6.RELEASE\spring-boot-test-2.2.6.RELEASE.jar;C:\utils\apache-maven-3.6.3\maven_resposity\org\springframework\boot\spring-boot-test-autoconfigure\2.2.6.RELEASE\spring-boot-test-autoconfigure-2.2.6.RELEASE.jar;C:\utils\apache-maven-3.6.3\maven_resposity\com\jayway\jsonpath\json-path\2.4.0\json-path-2.4.0.jar;C:\utils\apache-maven-3.6.3\maven_resposity\net\minidev\json-smart\2.3\json-smart-2.3.jar;C:\utils\apache-maven-3.6.3\maven_resposity\net\minidev\accessors-smart\1.2\accessors-smart-1.2.jar;C:\utils\apache-maven-3.6.3\maven_resposity\org\ow2\asm\asm\5.0.4\asm-5.0.4.jar;C:\utils\apache-maven-3.6.3\maven_resposity\org\slf4j\slf4j-api\1.7.30\slf4j-api-1.7.30.jar;C:\utils\apache-maven-3.6.3\maven_resposity\jakarta\xml\bind\jakarta.xml.bind-api\2.3.3\jakarta.xml.bind-api-2.3.3.jar;C:\utils\apache-maven-3.6.3\maven_resposity\jakarta\activation\jakarta.activation-api\1.2.2\jakarta.activation-api-1.2.2.jar;C:\utils\apache-maven-3.6.3\maven_resposity\org\junit\jupiter\junit-jupiter\5.5.2\junit-jupiter-5.5.2.jar;C:\utils\apache-maven-3.6.3\maven_resposity\org\junit\jupiter\junit-jupiter-api\5.5.2\junit-jupiter-api-5.5.2.jar;C:\utils\apache-maven-3.6.3\maven_resposity\org\opentest4j\opentest4j\1.2.0\opentest4j-1.2.0.jar;C:\utils\apache-maven-3.6.3\maven_resposity\org\junit\platform\junit-platform-commons\1.5.2\junit-platform-commons-1.5.2.jar;C:\utils\apache-maven-3.6.3\maven_resposity\org\junit\jupiter\junit-jupiter-params\5.5.2\junit-jupiter-params-5.5.2.jar;C:\utils\apache-maven-3.6.3\maven_resposity\org\junit\jupiter\junit-jupiter-engine\5.5.2\junit-jupiter-engine-5.5.2.jar;C:\utils\apache-maven-3.6.3\maven_resposity\org\junit\vintage\junit-vintage-engine\5.5.2\junit-vintage-engine-5.5.2.jar;C:\utils\apache-maven-3.6.3\maven_resposity\org\apiguardian\apiguardian-api\1.1.0\apiguardian-api-1.1.0.jar;C:\utils\apache-maven-3.6.3\maven_resposity\org\junit\platform\junit-platform-engine\1.5.2\junit-platform-engine-1.5.2.jar;C:\utils\apache-maven-3.6.3\maven_resposity\junit\junit\4.12\junit-4.12.jar;C:\utils\apache-maven-3.6.3\maven_resposity\org\mockito\mockito-junit-jupiter\3.1.0\mockito-junit-jupiter-3.1.0.jar;C:\utils\apache-maven-3.6.3\maven_resposity\org\assertj\assertj-core\3.13.2\assertj-core-3.13.2.jar;C:\utils\apache-maven-3.6.3\maven_resposity\org\hamcrest\hamcrest\2.1\hamcrest-2.1.jar;C:\utils\apache-maven-3.6.3\maven_resposity\org\mockito\mockito-core\3.1.0\mockito-core-3.1.0.jar;C:\utils\apache-maven-3.6.3\maven_resposity\net\bytebuddy\byte-buddy\1.10.8\byte-buddy-1.10.8.jar;C:\utils\apache-maven-3.6.3\maven_resposity\net\bytebuddy\byte-buddy-agent\1.10.8\byte-buddy-agent-1.10.8.jar;C:\utils\apache-maven-3.6.3\maven_resposity\org\objenesis\objenesis\2.6\objenesis-2.6.jar;C:\utils\apache-maven-3.6.3\maven_resposity\org\skyscreamer\jsonassert\1.5.0\jsonassert-1.5.0.jar;C:\utils\apache-maven-3.6.3\maven_resposity\com\vaadin\external\google\android-json\0.0.20131108.vaadin1\android-json-0.0.20131108.vaadin1.jar;C:\utils\apache-maven-3.6.3\maven_resposity\org\springframework\spring-core\5.2.5.RELEASE\spring-core-5.2.5.RELEASE.jar;C:\utils\apache-maven-3.6.3\maven_resposity\org\springframework\spring-jcl\5.2.5.RELEASE\spring-jcl-5.2.5.RELEASE.jar;C:\utils\apache-maven-3.6.3\maven_resposity\org\springframework\spring-test\5.2.5.RELEASE\spring-test-5.2.5.RELEASE.jar;C:\utils\apache-maven-3.6.3\maven_resposity\org\xmlunit\xmlunit-core\2.6.4\xmlunit-core-2.6.4.jar;C:\utils\apache-maven-3.6.3\maven_resposity\org\mybatis\spring\boot\mybatis-spring-boot-starter\2.1.2\mybatis-spring-boot-starter-2.1.2.jar;C:\utils\apache-maven-3.6.3\maven_resposity\org\springframework\boot\spring-boot-starter-jdbc\2.2.6.RELEASE\spring-boot-starter-jdbc-2.2.6.RELEASE.jar;C:\utils\apache-maven-3.6.3\maven_resposity\com\zaxxer\HikariCP\3.4.2\HikariCP-3.4.2.jar;C:\utils\apache-maven-3.6.3\maven_resposity\org\springframework\spring-jdbc\5.2.5.RELEASE\spring-jdbc-5.2.5.RELEASE.jar;C:\utils\apache-maven-3.6.3\maven_resposity\org\springframework\spring-tx\5.2.5.RELEASE\spring-tx-5.2.5.RELEASE.jar;C:\utils\apache-maven-3.6.3\maven_resposity\org\mybatis\spring\boot\mybatis-spring-boot-autoconfigure\2.1.2\mybatis-spring-boot-autoconfigure-2.1.2.jar;C:\utils\apache-maven-3.6.3\maven_resposity\org\mybatis\mybatis\3.5.4\mybatis-3.5.4.jar;C:\utils\apache-maven-3.6.3\maven_resposity\org\mybatis\mybatis-spring\2.0.4\mybatis-spring-2.0.4.jar;"/>
    <property name="java.vm.vendor" value="Oracle Corporation"/>
    <property name="sun.arch.data.model" value="64"/>
    <property name="user.variant" value=""/>
    <property name="java.vendor.url" value="http://java.oracle.com/"/>
    <property name="user.timezone" value="Asia/Shanghai"/>
    <property name="java.vm.specification.version" value="11"/>
    <property name="os.name" value="Windows 10"/>
    <property name="sun.java.launcher" value="SUN_STANDARD"/>
    <property name="user.country" value="JP"/>
    <property name="sun.boot.library.path" value="C:\utils\jdk\jdk11.0.5\jre\bin"/>
    <property name="sun.java.command" value="C:\Users\860119~1\AppData\Local\Temp\surefire31945625494533160\surefirebooter1086353500547569588.jar C:\Users\860119012\AppData\Local\Temp\surefire31945625494533160 2020-05-08T15-39-08_149-jvmRun1 surefire15835665110675578222tmp surefire_06245525548552700945tmp"/>
    <property name="jdk.debug" value="release"/>
    <property name="surefire.test.class.path" value="C:\utils\eclipse\workspace\demo\target\test-classes;C:\utils\eclipse\workspace\demo\target\classes;C:\utils\apache-maven-3.6.3\maven_resposity\org\springframework\boot\spring-boot-starter-web\2.2.6.RELEASE\spring-boot-starter-web-2.2.6.RELEASE.jar;C:\utils\apache-maven-3.6.3\maven_resposity\org\springframework\boot\spring-boot-starter\2.2.6.RELEASE\spring-boot-starter-2.2.6.RELEASE.jar;C:\utils\apache-maven-3.6.3\maven_resposity\org\springframework\boot\spring-boot\2.2.6.RELEASE\spring-boot-2.2.6.RELEASE.jar;C:\utils\apache-maven-3.6.3\maven_resposity\org\springframework\boot\spring-boot-autoconfigure\2.2.6.RELEASE\spring-boot-autoconfigure-2.2.6.RELEASE.jar;C:\utils\apache-maven-3.6.3\maven_resposity\org\springframework\boot\spring-boot-starter-logging\2.2.6.RELEASE\spring-boot-starter-logging-2.2.6.RELEASE.jar;C:\utils\apache-maven-3.6.3\maven_resposity\ch\qos\logback\logback-classic\1.2.3\logback-classic-1.2.3.jar;C:\utils\apache-maven-3.6.3\maven_resposity\ch\qos\logback\logback-core\1.2.3\logback-core-1.2.3.jar;C:\utils\apache-maven-3.6.3\maven_resposity\org\apache\logging\log4j\log4j-to-slf4j\2.12.1\log4j-to-slf4j-2.12.1.jar;C:\utils\apache-maven-3.6.3\maven_resposity\org\apache\logging\log4j\log4j-api\2.12.1\log4j-api-2.12.1.jar;C:\utils\apache-maven-3.6.3\maven_resposity\org\slf4j\jul-to-slf4j\1.7.30\jul-to-slf4j-1.7.30.jar;C:\utils\apache-maven-3.6.3\maven_resposity\jakarta\annotation\jakarta.annotation-api\1.3.5\jakarta.annotation-api-1.3.5.jar;C:\utils\apache-maven-3.6.3\maven_resposity\org\yaml\snakeyaml\1.25\snakeyaml-1.25.jar;C:\utils\apache-maven-3.6.3\maven_resposity\org\springframework\boot\spring-boot-starter-json\2.2.6.RELEASE\spring-boot-starter-json-2.2.6.RELEASE.jar;C:\utils\apache-maven-3.6.3\maven_resposity\com\fasterxml\jackson\core\jackson-databind\2.10.3\jackson-databind-2.10.3.jar;C:\utils\apache-maven-3.6.3\maven_resposity\com\fasterxml\jackson\core\jackson-annotations\2.10.3\jackson-annotations-2.10.3.jar;C:\utils\apache-maven-3.6.3\maven_resposity\com\fasterxml\jackson\core\jackson-core\2.10.3\jackson-core-2.10.3.jar;C:\utils\apache-maven-3.6.3\maven_resposity\com\fasterxml\jackson\datatype\jackson-datatype-jdk8\2.10.3\jackson-datatype-jdk8-2.10.3.jar;C:\utils\apache-maven-3.6.3\maven_resposity\com\fasterxml\jackson\datatype\jackson-datatype-jsr310\2.10.3\jackson-datatype-jsr310-2.10.3.jar;C:\utils\apache-maven-3.6.3\maven_resposity\com\fasterxml\jackson\module\jackson-module-parameter-names\2.10.3\jackson-module-parameter-names-2.10.3.jar;C:\utils\apache-maven-3.6.3\maven_resposity\org\springframework\boot\spring-boot-starter-tomcat\2.2.6.RELEASE\spring-boot-starter-tomcat-2.2.6.RELEASE.jar;C:\utils\apache-maven-3.6.3\maven_resposity\org\apache\tomcat\embed\tomcat-embed-core\9.0.33\tomcat-embed-core-9.0.33.jar;C:\utils\apache-maven-3.6.3\maven_resposity\org\apache\tomcat\embed\tomcat-embed-el\9.0.33\tomcat-embed-el-9.0.33.jar;C:\utils\apache-maven-3.6.3\maven_resposity\org\apache\tomcat\embed\tomcat-embed-websocket\9.0.33\tomcat-embed-websocket-9.0.33.jar;C:\utils\apache-maven-3.6.3\maven_resposity\org\springframework\boot\spring-boot-starter-validation\2.2.6.RELEASE\spring-boot-starter-validation-2.2.6.RELEASE.jar;C:\utils\apache-maven-3.6.3\maven_resposity\jakarta\validation\jakarta.validation-api\2.0.2\jakarta.validation-api-2.0.2.jar;C:\utils\apache-maven-3.6.3\maven_resposity\org\hibernate\validator\hibernate-validator\6.0.18.Final\hibernate-validator-6.0.18.Final.jar;C:\utils\apache-maven-3.6.3\maven_resposity\org\jboss\logging\jboss-logging\3.4.1.Final\jboss-logging-3.4.1.Final.jar;C:\utils\apache-maven-3.6.3\maven_resposity\com\fasterxml\classmate\1.5.1\classmate-1.5.1.jar;C:\utils\apache-maven-3.6.3\maven_resposity\org\springframework\spring-web\5.2.5.RELEASE\spring-web-5.2.5.RELEASE.jar;C:\utils\apache-maven-3.6.3\maven_resposity\org\springframework\spring-beans\5.2.5.RELEASE\spring-beans-5.2.5.RELEASE.jar;C:\utils\apache-maven-3.6.3\maven_resposity\org\springframework\spring-webmvc\5.2.5.RELEASE\spring-webmvc-5.2.5.RELEASE.jar;C:\utils\apache-maven-3.6.3\maven_resposity\org\springframework\spring-aop\5.2.5.RELEASE\spring-aop-5.2.5.RELEASE.jar;C:\utils\apache-maven-3.6.3\maven_resposity\org\springframework\spring-context\5.2.5.RELEASE\spring-context-5.2.5.RELEASE.jar;C:\utils\apache-maven-3.6.3\maven_resposity\org\springframework\spring-expression\5.2.5.RELEASE\spring-expression-5.2.5.RELEASE.jar;C:\utils\apache-maven-3.6.3\maven_resposity\org\springframework\boot\spring-boot-starter-test\2.2.6.RELEASE\spring-boot-starter-test-2.2.6.RELEASE.jar;C:\utils\apache-maven-3.6.3\maven_resposity\org\springframework\boot\spring-boot-test\2.2.6.RELEASE\spring-boot-test-2.2.6.RELEASE.jar;C:\utils\apache-maven-3.6.3\maven_resposity\org\springframework\boot\spring-boot-test-autoconfigure\2.2.6.RELEASE\spring-boot-test-autoconfigure-2.2.6.RELEASE.jar;C:\utils\apache-maven-3.6.3\maven_resposity\com\jayway\jsonpath\json-path\2.4.0\json-path-2.4.0.jar;C:\utils\apache-maven-3.6.3\maven_resposity\net\minidev\json-smart\2.3\json-smart-2.3.jar;C:\utils\apache-maven-3.6.3\maven_resposity\net\minidev\accessors-smart\1.2\accessors-smart-1.2.jar;C:\utils\apache-maven-3.6.3\maven_resposity\org\ow2\asm\asm\5.0.4\asm-5.0.4.jar;C:\utils\apache-maven-3.6.3\maven_resposity\org\slf4j\slf4j-api\1.7.30\slf4j-api-1.7.30.jar;C:\utils\apache-maven-3.6.3\maven_resposity\jakarta\xml\bind\jakarta.xml.bind-api\2.3.3\jakarta.xml.bind-api-2.3.3.jar;C:\utils\apache-maven-3.6.3\maven_resposity\jakarta\activation\jakarta.activation-api\1.2.2\jakarta.activation-api-1.2.2.jar;C:\utils\apache-maven-3.6.3\maven_resposity\org\junit\jupiter\junit-jupiter\5.5.2\junit-jupiter-5.5.2.jar;C:\utils\apache-maven-3.6.3\maven_resposity\org\junit\jupiter\junit-jupiter-api\5.5.2\junit-jupiter-api-5.5.2.jar;C:\utils\apache-maven-3.6.3\maven_resposity\org\opentest4j\opentest4j\1.2.0\opentest4j-1.2.0.jar;C:\utils\apache-maven-3.6.3\maven_resposity\org\junit\platform\junit-platform-commons\1.5.2\junit-platform-commons-1.5.2.jar;C:\utils\apache-maven-3.6.3\maven_resposity\org\junit\jupiter\junit-jupiter-params\5.5.2\junit-jupiter-params-5.5.2.jar;C:\utils\apache-maven-3.6.3\maven_resposity\org\junit\jupiter\junit-jupiter-engine\5.5.2\junit-jupiter-engine-5.5.2.jar;C:\utils\apache-maven-3.6.3\maven_resposity\org\junit\vintage\junit-vintage-engine\5.5.2\junit-vintage-engine-5.5.2.jar;C:\utils\apache-maven-3.6.3\maven_resposity\org\apiguardian\apiguardian-api\1.1.0\apiguardian-api-1.1.0.jar;C:\utils\apache-maven-3.6.3\maven_resposity\org\junit\platform\junit-platform-engine\1.5.2\junit-platform-engine-1.5.2.jar;C:\utils\apache-maven-3.6.3\maven_resposity\junit\junit\4.12\junit-4.12.jar;C:\utils\apache-maven-3.6.3\maven_resposity\org\mockito\mockito-junit-jupiter\3.1.0\mockito-junit-jupiter-3.1.0.jar;C:\utils\apache-maven-3.6.3\maven_resposity\org\assertj\assertj-core\3.13.2\assertj-core-3.13.2.jar;C:\utils\apache-maven-3.6.3\maven_resposity\org\hamcrest\hamcrest\2.1\hamcrest-2.1.jar;C:\utils\apache-maven-3.6.3\maven_resposity\org\mockito\mockito-core\3.1.0\mockito-core-3.1.0.jar;C:\utils\apache-maven-3.6.3\maven_resposity\net\bytebuddy\byte-buddy\1.10.8\byte-buddy-1.10.8.jar;C:\utils\apache-maven-3.6.3\maven_resposity\net\bytebuddy\byte-buddy-agent\1.10.8\byte-buddy-agent-1.10.8.jar;C:\utils\apache-maven-3.6.3\maven_resposity\org\objenesis\objenesis\2.6\objenesis-2.6.jar;C:\utils\apache-maven-3.6.3\maven_resposity\org\skyscreamer\jsonassert\1.5.0\jsonassert-1.5.0.jar;C:\utils\apache-maven-3.6.3\maven_resposity\com\vaadin\external\google\android-json\0.0.20131108.vaadin1\android-json-0.0.20131108.vaadin1.jar;C:\utils\apache-maven-3.6.3\maven_resposity\org\springframework\spring-core\5.2.5.RELEASE\spring-core-5.2.5.RELEASE.jar;C:\utils\apache-maven-3.6.3\maven_resposity\org\springframework\spring-jcl\5.2.5.RELEASE\spring-jcl-5.2.5.RELEASE.jar;C:\utils\apache-maven-3.6.3\maven_resposity\org\springframework\spring-test\5.2.5.RELEASE\spring-test-5.2.5.RELEASE.jar;C:\utils\apache-maven-3.6.3\maven_resposity\org\xmlunit\xmlunit-core\2.6.4\xmlunit-core-2.6.4.jar;C:\utils\apache-maven-3.6.3\maven_resposity\org\mybatis\spring\boot\mybatis-spring-boot-starter\2.1.2\mybatis-spring-boot-starter-2.1.2.jar;C:\utils\apache-maven-3.6.3\maven_resposity\org\springframework\boot\spring-boot-starter-jdbc\2.2.6.RELEASE\spring-boot-starter-jdbc-2.2.6.RELEASE.jar;C:\utils\apache-maven-3.6.3\maven_resposity\com\zaxxer\HikariCP\3.4.2\HikariCP-3.4.2.jar;C:\utils\apache-maven-3.6.3\maven_resposity\org\springframework\spring-jdbc\5.2.5.RELEASE\spring-jdbc-5.2.5.RELEASE.jar;C:\utils\apache-maven-3.6.3\maven_resposity\org\springframework\spring-tx\5.2.5.RELEASE\spring-tx-5.2.5.RELEASE.jar;C:\utils\apache-maven-3.6.3\maven_resposity\org\mybatis\spring\boot\mybatis-spring-boot-autoconfigure\2.1.2\mybatis-spring-boot-autoconfigure-2.1.2.jar;C:\utils\apache-maven-3.6.3\maven_resposity\org\mybatis\mybatis\3.5.4\mybatis-3.5.4.jar;C:\utils\apache-maven-3.6.3\maven_resposity\org\mybatis\mybatis-spring\2.0.4\mybatis-spring-2.0.4.jar;"/>
    <property name="sun.cpu.endian" value="little"/>
    <property name="user.home" value="C:\Users\860119012"/>
    <property name="user.language" value="ja"/>
    <property name="java.specification.vendor" value="Oracle Corporation"/>
    <property name="java.version.date" value="2019-10-15"/>
    <property name="java.home" value="C:\utils\jdk\jdk11.0.5\jre"/>
    <property name="file.separator" value="\"/>
    <property name="basedir" value="C:\utils\eclipse\workspace\demo"/>
    <property name="java.vm.compressedOopsMode" value="32-bit"/>
    <property name="line.separator" value="&#10;"/>
    <property name="java.specification.name" value="Java Platform API Specification"/>
    <property name="java.vm.specification.vendor" value="Oracle Corporation"/>
    <property name="java.awt.graphicsenv" value="sun.awt.Win32GraphicsEnvironment"/>
    <property name="surefire.real.class.path" value="C:\Users\860119~1\AppData\Local\Temp\surefire31945625494533160\surefirebooter1086353500547569588.jar"/>
    <property name="user.script" value=""/>
    <property name="sun.management.compiler" value="HotSpot 64-Bit Tiered Compilers"/>
    <property name="java.runtime.version" value="11.0.5+10-LTS"/>
    <property name="user.name" value="860119012"/>
    <property name="path.separator" value=";"/>
    <property name="os.version" value="10.0"/>
    <property name="java.runtime.name" value="Java(TM) SE Runtime Environment"/>
    <property name="file.encoding" value="MS932"/>
    <property name="java.vm.name" value="Java HotSpot(TM) 64-Bit Server VM"/>
    <property name="java.vendor.version" value="18.9"/>
    <property name="localRepository" value="C:\utils\apache-maven-3.6.3\maven_resposity"/>
    <property name="java.vendor.url.bug" value="http://bugreport.java.com/bugreport/"/>
    <property name="java.io.tmpdir" value="C:\Users\860119~1\AppData\Local\Temp\"/>
    <property name="java.version" value="11.0.5"/>
    <property name="user.dir" value="C:\utils\eclipse\workspace\demo"/>
    <property name="os.arch" value="amd64"/>
    <property name="java.vm.specification.name" value="Java Virtual Machine Specification"/>
    <property name="java.awt.printerjob" value="sun.awt.windows.WPrinterJob"/>
    <property name="sun.os.patch.level" value=""/>
    <property name="java.library.path" value="C:\utils\jdk\jdk11.0.5\jre\bin;C:\WINDOWS\Sun\Java\bin;C:\WINDOWS\system32;C:\WINDOWS;C:/Program Files/Java/jre1.8.0_51/bin/server;C:/Program Files/Java/jre1.8.0_51/bin;C:/Program Files/Java/jre1.8.0_51/lib/amd64;C:\Program Files (x86)\Common Files\NetSarang;C:\ProgramData\Oracle\Java\javapath;C:\WINDOWS\system32;C:\WINDOWS;C:\WINDOWS\System32\Wbem;C:\WINDOWS\System32\WindowsPowerShell\v1.0\;C:\WINDOWS\System32\OpenSSH\;C:\utils\jdk\jdk1.8.0_51\bin;C:\utils\jdk\jdk1.8.0_51\jre\bin;C:\utils\apache-maven-3.6.3\bin;C:\Program Files\MySQL\MySQL Server 5.7\bin;C:\utils\nodejs\node_modules\npm;C:\Program Files\nodejs\;C:\utils\git_resposity\TortoiseSVN\bin;C:\Program Files (x86)\MySQL\MySQL Fabric 1.5 &amp; MySQL Utilities 1.5\;C:\Program Files (x86)\MySQL\MySQL Fabric 1.5 &amp; MySQL Utilities 1.5\Doctrine extensions for PHP\;C:\utils\PostGreSQL\bin;C:\xampp\php;C:\utils\axis2-1.7.9\bin;C:\utils\Git\cmd;C:\Program Files\dotnet\;C:\Users\860119012\AppData\Local\Microsoft\WindowsApps;C:\Users\860119012\AppData\Roaming\npm;;C:\utils\eclipse;;."/>
    <property name="java.vendor" value="Oracle Corporation"/>
    <property name="java.vm.info" value="mixed mode"/>
    <property name="java.vm.version" value="11.0.5+10-LTS"/>
    <property name="sun.io.unicode.encoding" value="UnicodeLittle"/>
    <property name="java.class.version" value="55.0"/>
  </properties>
  <testcase name="contextLoads" classname="com.example.demo.DemoApplicationTests" time="0.175"/>
</testsuite>